2024-05-17 16:01:00,305 - INFO - Changed directory to /Users/abbal/abbaldhakal/
2024-05-17 16:01:00,353 - INFO - File data/scholarships.json added to git staging area. Output: , Error: 
2024-05-17 16:01:00,541 - INFO - No changes to commit.
2024-05-17 17:01:01,086 - INFO - Changed directory to /Users/abbal/abbaldhakal/
2024-05-17 17:01:01,135 - INFO - File data/scholarships.json added to git staging area. Output: , Error: 
2024-05-17 17:01:01,349 - INFO - No changes to commit.
2024-05-17 17:14:48,983 - INFO - Changed directory to /Users/abbal/abbaldhakal/
2024-05-17 17:14:49,005 - INFO - File data/scholarships.json added to git staging area. Output: , Error: 
2024-05-17 17:14:49,037 - INFO - Committed changes with message: Automated commit and push for scholarships.json. Output: [main 8fcf027] Automated commit and push for scholarships.json
 Committer: Abbal Dhakal <abbal@Abbals-Laptop.local>
Your name and email address were configured automatically based
on your username and hostname. Please check that they are accurate.
You can suppress this message by setting them explicitly. Run the
following command and follow the instructions in your editor to edit
your configuration file:

    git config --global --edit

After doing this, you may fix the identity used for this commit with:

    git commit --amend --reset-author

 1 file changed, 1 insertion(+), 1 deletion(-)
, Error: 
2024-05-17 17:14:54,252 - INFO - File committed and pushed successfully.
2024-05-17 17:14:54,252 - INFO - git push output: 
2024-05-17 17:15:08,138 - INFO - Changed directory to /Users/abbal/abbaldhakal/
2024-05-17 17:15:08,155 - INFO - File data/scholarships.json added to git staging area. Output: , Error: 
2024-05-17 17:15:08,228 - INFO - No changes to commit.
2024-05-17 19:01:00,712 - INFO - Changed directory to /Users/abbal/abbaldhakal/
2024-05-17 19:01:00,768 - INFO - File data/scholarships.json added to git staging area. Output: , Error: 
2024-05-17 19:01:00,939 - INFO - No changes to commit.
2024-05-17 20:01:01,158 - INFO - Changed directory to /Users/abbal/abbaldhakal/
2024-05-17 20:01:01,199 - INFO - File data/scholarships.json added to git staging area. Output: , Error: 
2024-05-17 20:01:01,338 - INFO - No changes to commit.
2024-05-17 21:01:00,327 - INFO - Changed directory to /Users/abbal/abbaldhakal/
2024-05-17 21:01:00,366 - INFO - File data/scholarships.json added to git staging area. Output: , Error: 
2024-05-17 21:01:00,525 - INFO - No changes to commit.
2024-05-18 00:01:00,502 - INFO - Changed directory to /Users/abbal/abbaldhakal/
2024-05-18 00:01:00,563 - INFO - File data/scholarships.json added to git staging area. Output: , Error: 
2024-05-18 00:01:00,758 - INFO - No changes to commit.
2024-05-18 07:01:00,304 - INFO - Changed directory to /Users/abbal/abbaldhakal/
2024-05-18 07:01:00,365 - INFO - File data/scholarships.json added to git staging area. Output: , Error: 
2024-05-18 07:01:00,526 - INFO - No changes to commit.
2024-05-18 08:01:01,227 - INFO - Changed directory to /Users/abbal/abbaldhakal/
2024-05-18 08:01:01,285 - INFO - File data/scholarships.json added to git staging area. Output: , Error: 
2024-05-18 08:01:01,459 - INFO - No changes to commit.
2024-05-18 11:01:01,089 - INFO - Changed directory to /Users/abbal/abbaldhakal/
2024-05-18 11:01:01,126 - INFO - File data/scholarships.json added to git staging area. Output: , Error: 
2024-05-18 11:01:01,367 - INFO - No changes to commit.
